0 info it worked if it ends with ok
1 verbose cli [ 'E:\\Program Files\\nodejs\\node.exe',
1 verbose cli   'E:\\Program Files\\nodejs\\node_modules\\npm\\bin\\npm-cli.js',
1 verbose cli   'start' ]
2 info using npm@3.10.10
3 info using node@v6.10.2
4 verbose run-script [ 'prestart', 'start', 'poststart' ]
5 info lifecycle bidding-practice@0.0.1~prestart: bidding-practice@0.0.1
6 silly lifecycle bidding-practice@0.0.1~prestart: no script for prestart, continuing
7 info lifecycle bidding-practice@0.0.1~start: bidding-practice@0.0.1
8 verbose lifecycle bidding-practice@0.0.1~start: unsafe-perm in lifecycle true
9 verbose lifecycle bidding-practice@0.0.1~start: PATH: E:\Program Files\nodejs\node_modules\npm\bin\node-gyp-bin;E:\projects\expresstest\node_modules\.bin;%SystemRoot%\system32\WindowsPowerShell\v1.0\;D:\Windows;D:\Windows\system32;D:\Program Files\PostgreSQL\9.4\bin;D:\Program Files\Haskell\bin;E:\Program Files\Haskell Platform\8.0.2\lib\extralibs\bin;E:\Program Files\Haskell Platform\8.0.2\bin;D:\ProgramData\Oracle\Java\javapath;E:\Python27\Lib\site-packages\PyQt4;D:\ffmpeg\bin;D:\Windows;D:\Windows\system32;%PROGRAMFILES%\PostgreSQL\9.4\bin;D:\Program Files\Haskell\bin;E:\Program Files\Haskell Platform\8.0.2\lib\extralibs\bin;E:\Program Files\Haskell Platform\8.0.2\bin;D:\ProgramData\Oracle\Java\javapath;E:\Python27\Lib\site-packages\PyQt4;D:\ffmpeg\bin;D:\Windows;D:\Windows\system32;%PROGRAMFILES%\PostgreSQL\9.4\bin;D:\Program Files\Haskell\bin;E:\Program Files\Haskell Platform\8.0.2\lib\extralibs\bin;E:\Program Files\Haskell Platform\8.0.2\bin;D:\ProgramData\Oracle\Java\javapath;E:\Python27\Lib\site-packages\PyQt4;D:\ffmpeg\bin;D:\Windows\System32;E:\Anaconda3;E:\Anaconda3\Scripts;E:\Anaconda3\Library\bin;E:\Python36\Scripts\;E:\Python36\;D:\Users\Skel\AppData\Roaming\npm;E:\Ruby193;D:\Program Files\Java\jdk1.8.0_45\bin;D:\Program Files (x86)\Skype\Phone\;D:\Program Files (x86)\NVIDIA Corporation\PhysX\Common;D:\Program Files (x86)\AMD\ATI.ACE\Core-Static;E:\Program Files\Haskell Platform\8.0.2\mingw\bin;D:\Windows\System32\WindowsPowerShell\v1.0\;E:\Program Files\nodejs\;E:\Program Files\Git\cmd;D:\Program Files (x86)\Windows Kits\8.1\Windows Performance Toolkit\;E:\Anaconda3;E:\Anaconda3\Scripts;E:\Anaconda3\Library\bin;E:\Python36\Scripts\;E:\Python36\;D:\Users\Skel\AppData\Roaming\npm;E:\Ruby193;D:\Program Files\Java\jdk1.8.0_45\bin;D:\Program Files (x86)\Skype\Phone\;D:\Program Files (x86)\NVIDIA Corporation\PhysX\Common;D:\Program Files (x86)\AMD\ATI.ACE\Core-Static;E:\Program Files\Haskell Platform\8.0.2\mingw\bin;D:\Windows\System32\WindowsPowerShell\v1.0\;E:\Program Files\nodejs\;E:\Program Files\Git\cmd;D:\Program Files (x86)\Windows Kits\8.1\Windows Performance Toolkit\;E:\Anaconda3;E:\Anaconda3\Scripts;E:\Anaconda3\Library\bin;E:\Python36\Scripts\;E:\Python36\;D:\Users\Skel\AppData\Roaming\npm;E:\Ruby193;D:\Program Files\Java\jdk1.8.0_45\bin;D:\Program Files (x86)\Skype\Phone\;D:\Program Files (x86)\NVIDIA Corporation\PhysX\Common;D:\Program Files (x86)\AMD\ATI.ACE\Core-Static;E:\Program Files\Haskell Platform\8.0.2\mingw\bin;D:\Windows\System32\WindowsPowerShell\v1.0\;E:\Program Files\nodejs\;E:\Program Files\Git\cmd;D:\Program Files (x86)\Windows Kits\8.1\Windows Performance Toolkit\;D:\Users\Skel\AppData\Roaming\cabal\bin;D:\Users\Skel\AppData\Roaming\local\bin;E:\Python36\Scripts\;E:\Python36\;E:\Python35\Scripts\;E:\Python35\;E:\Python34\;E:\Python34\Scripts;E:\Ruby193;D:\Program Files\Java\jdk1.8.0_45\bin;D:\ffmpeg\bin;E:\Program Files (x86)\Google\google_appengine\;E:\Program Files\PostgreSQL\9.6\bin;D:\Users\Skel\AppData\Local\atom\bin;D:\Users\Skel\AppData\Roaming\npm;E:\Program Files\Heroku\bin
10 verbose lifecycle bidding-practice@0.0.1~start: CWD: E:\projects\expresstest
11 silly lifecycle bidding-practice@0.0.1~start: Args: [ '/d /s /c', 'node index.js' ]
12 silly lifecycle bidding-practice@0.0.1~start: Returned: code: 1  signal: null
13 info lifecycle bidding-practice@0.0.1~start: Failed to exec start script
14 verbose stack Error: bidding-practice@0.0.1 start: `node index.js`
14 verbose stack Exit status 1
14 verbose stack     at EventEmitter.<anonymous> (E:\Program Files\nodejs\node_modules\npm\lib\utils\lifecycle.js:255:16)
14 verbose stack     at emitTwo (events.js:106:13)
14 verbose stack     at EventEmitter.emit (events.js:191:7)
14 verbose stack     at ChildProcess.<anonymous> (E:\Program Files\nodejs\node_modules\npm\lib\utils\spawn.js:40:14)
14 verbose stack     at emitTwo (events.js:106:13)
14 verbose stack     at ChildProcess.emit (events.js:191:7)
14 verbose stack     at maybeClose (internal/child_process.js:886:16)
14 verbose stack     at Process.ChildProcess._handle.onexit (internal/child_process.js:226:5)
15 verbose pkgid bidding-practice@0.0.1
16 verbose cwd E:\projects\expresstest
17 error Windows_NT 6.1.7601
18 error argv "E:\\Program Files\\nodejs\\node.exe" "E:\\Program Files\\nodejs\\node_modules\\npm\\bin\\npm-cli.js" "start"
19 error node v6.10.2
20 error npm  v3.10.10
21 error code ELIFECYCLE
22 error bidding-practice@0.0.1 start: `node index.js`
22 error Exit status 1
23 error Failed at the bidding-practice@0.0.1 start script 'node index.js'.
23 error Make sure you have the latest version of node.js and npm installed.
23 error If you do, this is most likely a problem with the bidding-practice package,
23 error not with npm itself.
23 error Tell the author that this fails on your system:
23 error     node index.js
23 error You can get information on how to open an issue for this project with:
23 error     npm bugs bidding-practice
23 error Or if that isn't available, you can get their info via:
23 error     npm owner ls bidding-practice
23 error There is likely additional logging output above.
24 verbose exit [ 1, true ]
